<?xml version="1.0" encoding="UTF-8"?>
<!-- Generated by org.testng.reporters.JUnitXMLReporter -->
<testsuite ignored="0" hostname="NIMMALA" failures="0" tests="5" name="Default test" time="3.292" errors="0" timestamp="2025-02-10T01:27:55 IST">
  <testcase classname="Ecommerce.restAssured.testSet.TS_EcommerceE2ETest" name="TC01_loginResponce" time="2.49"/>
  <testcase classname="Ecommerce.restAssured.testSet.TS_EcommerceE2ETest" name="TC02_createProduct" time="0.31"/>
  <testcase classname="Ecommerce.restAssured.testSet.TS_EcommerceE2ETest" name="TC03_createOrder" time="0.144"/>
  <testcase classname="Ecommerce.restAssured.testSet.TS_EcommerceE2ETest" name="TC04_getOrderDetails" time="0.143"/>
  <testcase classname="Ecommerce.restAssured.testSet.TS_EcommerceE2ETest" name="TC05_deleteOrder" time="0.124"/>
</testsuite> <!-- Default test -->
