<?xml version="1.0" encoding="UTF-8"?>
<testng-results ignored="0" total="5" passed="5" failed="0" skipped="0">
  <reporter-output>
  </reporter-output>
  <suite started-at="2025-02-10T01:27:52 IST" name="Default suite" finished-at="2025-02-10T01:27:55 IST" duration-ms="3292">
    <groups>
    </groups>
    <test started-at="2025-02-10T01:27:52 IST" name="Default test" finished-at="2025-02-10T01:27:55 IST" duration-ms="3292">
      <class name="Ecommerce.restAssured.testSet.TS_EcommerceE2ETest">
        <test-method signature="TC01_loginResponce()[pri:0, instance:Ecommerce.restAssured.testSet.TS_EcommerceE2ETest@515aebb0]" started-at="2025-02-10T01:27:52 IST" name="TC01_loginResponce" finished-at="2025-02-10T01:27:54 IST" duration-ms="2490" status="PASS">
          <reporter-output>
          </reporter-output>
        </test-method> <!-- TC01_loginResponce -->
        <test-method signature="TC02_createProduct()[pri:0, instance:Ecommerce.restAssured.testSet.TS_EcommerceE2ETest@515aebb0]" started-at="2025-02-10T01:27:54 IST" name="TC02_createProduct" finished-at="2025-02-10T01:27:54 IST" duration-ms="310" status="PASS">
          <reporter-output>
          </reporter-output>
        </test-method> <!-- TC02_createProduct -->
        <test-method signature="TC03_createOrder()[pri:0, instance:Ecommerce.restAssured.testSet.TS_EcommerceE2ETest@515aebb0]" started-at="2025-02-10T01:27:54 IST" name="TC03_createOrder" finished-at="2025-02-10T01:27:55 IST" duration-ms="144" status="PASS">
          <reporter-output>
          </reporter-output>
        </test-method> <!-- TC03_createOrder -->
        <test-method signature="TC04_getOrderDetails()[pri:0, instance:Ecommerce.restAssured.testSet.TS_EcommerceE2ETest@515aebb0]" started-at="2025-02-10T01:27:55 IST" name="TC04_getOrderDetails" finished-at="2025-02-10T01:27:55 IST" duration-ms="143" status="PASS">
          <reporter-output>
          </reporter-output>
        </test-method> <!-- TC04_getOrderDetails -->
        <test-method signature="TC05_deleteOrder()[pri:0, instance:Ecommerce.restAssured.testSet.TS_EcommerceE2ETest@515aebb0]" started-at="2025-02-10T01:27:55 IST" name="TC05_deleteOrder" finished-at="2025-02-10T01:27:55 IST" duration-ms="124" status="PASS">
          <reporter-output>
          </reporter-output>
        </test-method> <!-- TC05_deleteOrder -->
      </class> <!-- Ecommerce.restAssured.testSet.TS_EcommerceE2ETest -->
    </test> <!-- Default test -->
  </suite> <!-- Default suite -->
</testng-results>
