<?xml version="1.0" encoding="UTF-8"?>
<testng-results ignored="0" total="1" passed="1" failed="0" skipped="0">
  <reporter-output>
  </reporter-output>
  <suite started-at="2025-02-09T19:59:47 IST" name="Default suite" finished-at="2025-02-09T19:59:48 IST" duration-ms="1645">
    <groups>
    </groups>
    <test started-at="2025-02-09T19:59:47 IST" name="Default test" finished-at="2025-02-09T19:59:48 IST" duration-ms="1645">
      <class name="Ecommerce.restAssured.testSet.TS_EcommerceE2ETest">
        <test-method signature="TC01_loginResponce()[pri:0, instance:Ecommerce.restAssured.testSet.TS_EcommerceE2ETest@2a798d51]" started-at="2025-02-09T19:59:47 IST" name="TC01_loginResponce" finished-at="2025-02-09T19:59:48 IST" duration-ms="1607" status="PASS">
          <reporter-output>
          </reporter-output>
        </test-method> <!-- TC01_loginResponce -->
      </class> <!-- Ecommerce.restAssured.testSet.TS_EcommerceE2ETest -->
    </test> <!-- Default test -->
  </suite> <!-- Default suite -->
</testng-results>
